make --dry-run --always-make --keep-going --print-directory
make: Entering directory '/home/cdac/Desktop/ELDD_Pushp_017/Q1'
 
make -C /lib/modules/5.4.0-121-generic/build M=/home/cdac/Desktop/ELDD_Pushp_017/Q1 modules
make[1]: Entering directory '/usr/src/linux-headers-5.4.0-121-generic'
 
make -f ./scripts/Makefile.build obj=/home/cdac/Desktop/ELDD_Pushp_017/Q1 \
single-build= \
need-builtin=1 need-modorder=1
 
set -e;  echo '  CC [M]  /home/cdac/Desktop/ELDD_Pushp_017/Q1/charDr.o';  gcc -Wp,-MD,/home/cdac/Desktop/ELDD_Pushp_017/Q1/.charDr.o.d  -nostdinc -isystem /usr/lib/gcc/x86_64-linux-gnu/9/include  -I./arch/x86/include -I./arch/x86/include/generated  -I./include -I./arch/x86/include/uapi -I./arch/x86/include/generated/uapi -I./include/uapi -I./include/generated/uapi -include ./include/linux/kconfig.h -Iubuntu/include  -include ./include/linux/compiler_types.h -D__KERNEL__ -Wall -Wundef -Werror=strict-prototypes -Wno-trigraphs -fno-strict-aliasing -fno-common -fshort-wchar -fno-PIE -Werror=implicit-function-declaration -Werror=implicit-int -Werror=return-type -Wno-format-security -std=gnu89 -mno-sse -mno-mmx -mno-sse2 -mno-3dnow -mno-avx -fcf-protection=none -m64 -falign-jumps=1 -falign-loops=1 -mno-80387 -mno-fp-ret-in-387 -mpreferred-stack-boundary=3 -mskip-rax-setup -mtune=generic -mno-red-zone -mcmodel=kernel -DCONFIG_X86_X32_ABI -DCONFIG_AS_CFI=1 -DCONFIG_AS_CFI_SIGNAL_FRAME=1 -DCONFIG_AS_CFI_SECTIONS=1 -DCONFIG_AS_SSSE3=1 -DCONFIG_AS_AVX=1 -DCONFIG_AS_AVX2=1 -DCONFIG_AS_AVX512=1 -DCONFIG_AS_SHA1_NI=1 -DCONFIG_AS_SHA256_NI=1 -Wno-sign-compare -fno-asynchronous-unwind-tables -mindirect-branch=thunk-extern -mindirect-branch-register -fno-jump-tables -fno-delete-null-pointer-checks -Wno-frame-address -Wno-format-truncation -Wno-format-overflow -Wno-address-of-packed-member -O2 --param=allow-store-data-races=0 -Wframe-larger-than=1024 -fstack-protector-strong -Wimplicit-fallthrough -Wno-unused-but-set-variable -Wno-unused-const-variable -fno-omit-frame-pointer -fno-optimize-sibling-calls -fno-var-tracking-assignments -pg -mrecord-mcount -mfentry -DCC_USING_FENTRY -flive-patching=inline-clone -Wdeclaration-after-statement -Wvla -Wno-pointer-sign -Wno-stringop-truncation -Wno-array-bounds -Wno-stringop-overflow -Wno-restrict -Wno-maybe-uninitialized -fno-strict-overflow -fno-merge-all-constants -fmerge-constants -fno-stack-check -fconserve-stack -Werror=date-time -Werror=incompatible-pointer-types -Werror=designated-init -fmacro-prefix-map=./= -Wno-packed-not-aligned  -DMODULE  -DKBUILD_BASENAME='"charDr"' -DKBUILD_MODNAME='"charDr"' -c -o /home/cdac/Desktop/ELDD_Pushp_017/Q1/charDr.o /home/cdac/Desktop/ELDD_Pushp_017/Q1/charDr.c; scripts/basic/fixdep /home/cdac/Desktop/ELDD_Pushp_017/Q1/.charDr.o.d /home/cdac/Desktop/ELDD_Pushp_017/Q1/charDr.o 'gcc -Wp,-MD,/home/cdac/Desktop/ELDD_Pushp_017/Q1/.charDr.o.d  -nostdinc -isystem /usr/lib/gcc/x86_64-linux-gnu/9/include  -I./arch/x86/include -I./arch/x86/include/generated  -I./include -I./arch/x86/include/uapi -I./arch/x86/include/generated/uapi -I./include/uapi -I./include/generated/uapi -include ./include/linux/kconfig.h -Iubuntu/include  -include ./include/linux/compiler_types.h -D__KERNEL__ -Wall -Wundef -Werror=strict-prototypes -Wno-trigraphs -fno-strict-aliasing -fno-common -fshort-wchar -fno-PIE -Werror=implicit-function-declaration -Werror=implicit-int -Werror=return-type -Wno-format-security -std=gnu89 -mno-sse -mno-mmx -mno-sse2 -mno-3dnow -mno-avx -fcf-protection=none -m64 -falign-jumps=1 -falign-loops=1 -mno-80387 -mno-fp-ret-in-387 -mpreferred-stack-boundary=3 -mskip-rax-setup -mtune=generic -mno-red-zone -mcmodel=kernel -DCONFIG_X86_X32_ABI -DCONFIG_AS_CFI=1 -DCONFIG_AS_CFI_SIGNAL_FRAME=1 -DCONFIG_AS_CFI_SECTIONS=1 -DCONFIG_AS_SSSE3=1 -DCONFIG_AS_AVX=1 -DCONFIG_AS_AVX2=1 -DCONFIG_AS_AVX512=1 -DCONFIG_AS_SHA1_NI=1 -DCONFIG_AS_SHA256_NI=1 -Wno-sign-compare -fno-asynchronous-unwind-tables -mindirect-branch=thunk-extern -mindirect-branch-register -fno-jump-tables -fno-delete-null-pointer-checks -Wno-frame-address -Wno-format-truncation -Wno-format-overflow -Wno-address-of-packed-member -O2 --param=allow-store-data-races=0 -Wframe-larger-than=1024 -fstack-protector-strong -Wimplicit-fallthrough -Wno-unused-but-set-variable -Wno-unused-const-variable -fno-omit-frame-pointer -fno-optimize-sibling-calls -fno-var-tracking-assignments -pg -mrecord-mcount -mfentry -DCC_USING_FENTRY -flive-patching=inline-clone -Wdeclaration-after-statement -Wvla -Wno-pointer-sign -Wno-stringop-truncation -Wno-array-bounds -Wno-stringop-overflow -Wno-restrict -Wno-maybe-uninitialized -fno-strict-overflow -fno-merge-all-constants -fmerge-constants -fno-stack-check -fconserve-stack -Werror=date-time -Werror=incompatible-pointer-types -Werror=designated-init -fmacro-prefix-map=./= -Wno-packed-not-aligned  -DMODULE  -DKBUILD_BASENAME='\''"charDr"'\'' -DKBUILD_MODNAME='\''"charDr"'\'' -c -o /home/cdac/Desktop/ELDD_Pushp_017/Q1/charDr.o /home/cdac/Desktop/ELDD_Pushp_017/Q1/charDr.c' > /home/cdac/Desktop/ELDD_Pushp_017/Q1/.charDr.o.cmd; rm -f /home/cdac/Desktop/ELDD_Pushp_017/Q1/.charDr.o.d
set -e;   
set -e;   
 
set -e;   
set -e;   
set -e;   if objdump -h /home/cdac/Desktop/ELDD_Pushp_017/Q1/charDr.o | grep -q __ksymtab; then gcc -E -D__GENKSYMS__ -Wp,-MD,/home/cdac/Desktop/ELDD_Pushp_017/Q1/.charDr.o.d  -nostdinc -isystem /usr/lib/gcc/x86_64-linux-gnu/9/include  -I./arch/x86/include -I./arch/x86/include/generated  -I./include -I./arch/x86/include/uapi -I./arch/x86/include/generated/uapi -I./include/uapi -I./include/generated/uapi -include ./include/linux/kconfig.h -Iubuntu/include  -include ./include/linux/compiler_types.h -D__KERNEL__ -Wall -Wundef -Werror=strict-prototypes -Wno-trigraphs -fno-strict-aliasing -fno-common -fshort-wchar -fno-PIE -Werror=implicit-function-declaration -Werror=implicit-int -Werror=return-type -Wno-format-security -std=gnu89 -mno-sse -mno-mmx -mno-sse2 -mno-3dnow -mno-avx -fcf-protection=none -m64 -falign-jumps=1 -falign-loops=1 -mno-80387 -mno-fp-ret-in-387 -mpreferred-stack-boundary=3 -mskip-rax-setup -mtune=generic -mno-red-zone -mcmodel=kernel -DCONFIG_X86_X32_ABI -DCONFIG_AS_CFI=1 -DCONFIG_AS_CFI_SIGNAL_FRAME=1 -DCONFIG_AS_CFI_SECTIONS=1 -DCONFIG_AS_SSSE3=1 -DCONFIG_AS_AVX=1 -DCONFIG_AS_AVX2=1 -DCONFIG_AS_AVX512=1 -DCONFIG_AS_SHA1_NI=1 -DCONFIG_AS_SHA256_NI=1 -Wno-sign-compare -fno-asynchronous-unwind-tables -mindirect-branch=thunk-extern -mindirect-branch-register -fno-jump-tables -fno-delete-null-pointer-checks -Wno-frame-address -Wno-format-truncation -Wno-format-overflow -Wno-address-of-packed-member -O2 --param=allow-store-data-races=0 -Wframe-larger-than=1024 -fstack-protector-strong -Wimplicit-fallthrough -Wno-unused-but-set-variable -Wno-unused-const-variable -fno-omit-frame-pointer -fno-optimize-sibling-calls -fno-var-tracking-assignments -pg -mrecord-mcount -mfentry -DCC_USING_FENTRY -flive-patching=inline-clone -Wdeclaration-after-statement -Wvla -Wno-pointer-sign -Wno-stringop-truncation -Wno-array-bounds -Wno-stringop-overflow -Wno-restrict -Wno-maybe-uninitialized -fno-strict-overflow -fno-merge-all-constants -fmerge-constants -fno-stack-check -fconserve-stack -Werror=date-time -Werror=incompatible-pointer-types -Werror=designated-init -fmacro-prefix-map=./= -Wno-packed-not-aligned  -DMODULE  -DKBUILD_BASENAME='"charDr"' -DKBUILD_MODNAME='"charDr"' /home/cdac/Desktop/ELDD_Pushp_017/Q1/charDr.c | scripts/genksyms/genksyms    -r /dev/null > /home/cdac/Desktop/ELDD_Pushp_017/Q1/.tmp_charDr.ver; ld -m elf_x86_64  -z max-page-size=0x200000 -r -o /home/cdac/Desktop/ELDD_Pushp_017/Q1/.tmp_charDr.o /home/cdac/Desktop/ELDD_Pushp_017/Q1/charDr.o -T /home/cdac/Desktop/ELDD_Pushp_017/Q1/.tmp_charDr.ver; mv -f /home/cdac/Desktop/ELDD_Pushp_017/Q1/.tmp_charDr.o /home/cdac/Desktop/ELDD_Pushp_017/Q1/charDr.o; rm -f /home/cdac/Desktop/ELDD_Pushp_017/Q1/.tmp_charDr.ver; fi
set -e;   
set -e;   
set -e;   
set -e;   
set -e;   { echo  /home/cdac/Desktop/ELDD_Pushp_017/Q1/charDr.o;  echo; } > /home/cdac/Desktop/ELDD_Pushp_017/Q1/charDr.mod; printf '%s\n' 'cmd_/home/cdac/Desktop/ELDD_Pushp_017/Q1/charDr.mod := { echo  /home/cdac/Desktop/ELDD_Pushp_017/Q1/charDr.o;  echo; } > /home/cdac/Desktop/ELDD_Pushp_017/Q1/charDr.mod' > /home/cdac/Desktop/ELDD_Pushp_017/Q1/.charDr.mod.cmd
{   echo /home/cdac/Desktop/ELDD_Pushp_017/Q1/charDr.ko; :; } \
| awk '!x[$0]++' - > /home/cdac/Desktop/ELDD_Pushp_017/Q1/modules.order
:
test -e ./Module.symvers || ( \
echo; \
echo "  WARNING: Symbol version dump ./Module.symvers"; \
echo "           is missing; modules will have no dependencies and modversions."; \
echo )
make -f ./scripts/Makefile.modpost
 
cat: /home/cdac/Desktop/ELDD_Pushp_017/Q1/modules.order: No such file or directory

echo '  Building modules, stage 2.'
set -e;  echo '  MODPOST 0 modules';  sed 's/ko$/o/' /home/cdac/Desktop/ELDD_Pushp_017/Q1/modules.order | scripts/mod/modpost -m -a -i ./Module.symvers -I /home/cdac/Desktop/ELDD_Pushp_017/Q1/Module.symvers  -o /home/cdac/Desktop/ELDD_Pushp_017/Q1/Module.symvers     -s -T - 
make -f ./scripts/Makefile.modfinal
 
cat: /home/cdac/Desktop/ELDD_Pushp_017/Q1/modules.order: No such file or directory

:
 
make[1]: Leaving directory '/usr/src/linux-headers-5.4.0-121-generic'
 
gcc -o UA_dev1 UA_dev1.c
gcc -o UA_dev2 UA_dev2.c
 
make: Leaving directory '/home/cdac/Desktop/ELDD_Pushp_017/Q1'
 
